Flow report for MIPS_Default
Thu Oct 22 17:22:01 2020
Quartus Prime Version 19.1.0 Build 670 09/22/2019 SJ Lite Edition


---------------------
; Table of Contents ;
---------------------
  1. Legal Notice
  2. Flow Summary
  3. Flow Settings
  4. Flow Non-Default Global Settings
  5. Flow Elapsed Time
  6. Flow OS Summary
  7. Flow Log
  8. Flow Messages
  9. Flow Suppressed Messages



----------------
; Legal Notice ;
----------------
Copyright (C) 2019  Intel Corporation. All rights reserved.
Your use of Intel Corporation's design tools, logic functions 
and other software and tools, and any partner logic 
functions, and any output files from any of the foregoing 
(including device programming or simulation files), and any 
associated documentation or information are expressly subject 
to the terms and conditions of the Intel Program License 
Subscription Agreement, the Intel Quartus Prime License Agreement,
the Intel FPGA IP License Agreement, or other applicable license
agreement, including, without limitation, that your use is for
the sole purpose of programming logic devices manufactured by
Intel and sold by Intel or its authorized distributors.  Please
refer to the applicable agreement for further details, at
https://fpgasoftware.intel.com/eula.



+----------------------------------------------------------------------------------+
; Flow Summary                                                                     ;
+------------------------------------+---------------------------------------------+
; Flow Status                        ; Successful - Thu Oct 22 17:22:01 2020       ;
; Quartus Prime Version              ; 19.1.0 Build 670 09/22/2019 SJ Lite Edition ;
; Revision Name                      ; MIPS_Default                                ;
; Top-level Entity Name              ; MIPS_Default                                ;
; Family                             ; MAX 10                                      ;
; Device                             ; 10M50DAF484C6GES                            ;
; Timing Models                      ; Preliminary                                 ;
; Total logic elements               ; 5,876 / 49,760 ( 12 % )                     ;
;     Total combinational functions  ; 4,477 / 49,760 ( 9 % )                      ;
;     Dedicated logic registers      ; 3,258 / 49,760 ( 7 % )                      ;
; Total registers                    ; 3258                                        ;
; Total pins                         ; 121 / 360 ( 34 % )                          ;
; Total virtual pins                 ; 0                                           ;
; Total memory bits                  ; 320,086 / 1,677,312 ( 19 % )                ;
; Embedded Multiplier 9-bit elements ; 0 / 288 ( 0 % )                             ;
; Total PLLs                         ; 1 / 4 ( 25 % )                              ;
; UFM blocks                         ; 0 / 1 ( 0 % )                               ;
; ADC blocks                         ; 0 / 2 ( 0 % )                               ;
+------------------------------------+---------------------------------------------+


+-----------------------------------------+
; Flow Settings                           ;
+-------------------+---------------------+
; Option            ; Setting             ;
+-------------------+---------------------+
; Start date & time ; 10/22/2020 17:20:20 ;
; Main task         ; Compilation         ;
; Revision Name     ; MIPS_Default        ;
+-------------------+---------------------+


+------------------------------------------------------------------------------------------------------------------------------------------------+
; Flow Non-Default Global Settings                                                                                                               ;
+-------------------------------------+----------------------------------------+---------------+-------------+-----------------------------------+
; Assignment Name                     ; Value                                  ; Default Value ; Entity Name ; Section Id                        ;
+-------------------------------------+----------------------------------------+---------------+-------------+-----------------------------------+
; COMPILER_SIGNATURE_ID               ; 123719799734496.160335482020970        ; --            ; --          ; --                                ;
; EDA_GENERATE_FUNCTIONAL_NETLIST     ; Off                                    ; --            ; --          ; eda_board_design_timing           ;
; EDA_GENERATE_FUNCTIONAL_NETLIST     ; Off                                    ; --            ; --          ; eda_board_design_boundary_scan    ;
; EDA_GENERATE_FUNCTIONAL_NETLIST     ; Off                                    ; --            ; --          ; eda_board_design_signal_integrity ;
; EDA_GENERATE_FUNCTIONAL_NETLIST     ; Off                                    ; --            ; --          ; eda_board_design_symbol           ;
; EDA_OUTPUT_DATA_FORMAT              ; Verilog Hdl                            ; --            ; --          ; eda_simulation                    ;
; EDA_SIMULATION_TOOL                 ; ModelSim-Altera (Verilog)              ; <None>        ; --          ; --                                ;
; EDA_TIME_SCALE                      ; 1 ps                                   ; --            ; --          ; eda_simulation                    ;
; MAX_CORE_JUNCTION_TEMP              ; 85                                     ; --            ; --          ; --                                ;
; MIN_CORE_JUNCTION_TEMP              ; 0                                      ; --            ; --          ; --                                ;
; NUM_PARALLEL_PROCESSORS             ; All                                    ; --            ; --          ; --                                ;
; OUTPUT_IO_TIMING_FAR_END_VMEAS      ; Half Signal Swing                      ; --            ; --          ; --                                ;
; OUTPUT_IO_TIMING_FAR_END_VMEAS      ; Half Signal Swing                      ; --            ; --          ; --                                ;
; OUTPUT_IO_TIMING_NEAR_END_VMEAS     ; Half Vccio                             ; --            ; --          ; --                                ;
; OUTPUT_IO_TIMING_NEAR_END_VMEAS     ; Half Vccio                             ; --            ; --          ; --                                ;
; PARTITION_COLOR                     ; -- (Not supported for targeted family) ; --            ; --          ; Top                               ;
; PARTITION_FITTER_PRESERVATION_LEVEL ; -- (Not supported for targeted family) ; --            ; --          ; Top                               ;
; PARTITION_NETLIST_TYPE              ; -- (Not supported for targeted family) ; --            ; --          ; Top                               ;
; POWER_BOARD_THERMAL_MODEL           ; None (CONSERVATIVE)                    ; --            ; --          ; --                                ;
; POWER_PRESET_COOLING_SOLUTION       ; 23 MM HEAT SINK WITH 200 LFPM AIRFLOW  ; --            ; --          ; --                                ;
; SMART_RECOMPILE                     ; On                                     ; Off           ; --          ; --                                ;
+-------------------------------------+----------------------------------------+---------------+-------------+-----------------------------------+


+--------------------------------------------------------------------------------------------------------------------------+
; Flow Elapsed Time                                                                                                        ;
+----------------------+--------------+-------------------------+---------------------+------------------------------------+
; Module Name          ; Elapsed Time ; Average Processors Used ; Peak Virtual Memory ; Total CPU Time (on all processors) ;
+----------------------+--------------+-------------------------+---------------------+------------------------------------+
; Analysis & Synthesis ; 00:00:44     ; 1.0                     ; 1229 MB             ; 00:00:51                           ;
; Fitter               ; 00:00:33     ; 1.8                     ; 2136 MB             ; 00:01:02                           ;
; Assembler            ; 00:00:04     ; 1.0                     ; 982 MB              ; 00:00:03                           ;
; Timing Analyzer      ; 00:00:08     ; 2.6                     ; 1132 MB             ; 00:00:17                           ;
; EDA Netlist Writer   ; 00:00:02     ; 1.0                     ; 1245 MB             ; 00:00:02                           ;
; Total                ; 00:01:31     ; --                      ; --                  ; 00:02:15                           ;
+----------------------+--------------+-------------------------+---------------------+------------------------------------+


+---------------------------------------------------------------------------------------------------+
; Flow OS Summary                                                                                   ;
+----------------------+-----------------------------+--------------+--------------+----------------+
; Module Name          ; Machine Hostname            ; OS Name      ; OS Version   ; Processor type ;
+----------------------+-----------------------------+--------------+--------------+----------------+
; Analysis & Synthesis ; ssh.ice.nuie.nagoya-u.ac.jp ; CentOS Linux ; CentOS Linux ; x86_64         ;
; Fitter               ; ssh.ice.nuie.nagoya-u.ac.jp ; CentOS Linux ; CentOS Linux ; x86_64         ;
; Assembler            ; ssh.ice.nuie.nagoya-u.ac.jp ; CentOS Linux ; CentOS Linux ; x86_64         ;
; Timing Analyzer      ; ssh.ice.nuie.nagoya-u.ac.jp ; CentOS Linux ; CentOS Linux ; x86_64         ;
; EDA Netlist Writer   ; ssh.ice.nuie.nagoya-u.ac.jp ; CentOS Linux ; CentOS Linux ; x86_64         ;
+----------------------+-----------------------------+--------------+--------------+----------------+


------------
; Flow Log ;
------------
quartus_map --read_settings_files=on --write_settings_files=off MIPS_Default -c MIPS_Default
quartus_fit --read_settings_files=off --write_settings_files=off MIPS_Default -c MIPS_Default
quartus_asm --read_settings_files=off --write_settings_files=off MIPS_Default -c MIPS_Default
quartus_sta MIPS_Default -c MIPS_Default
quartus_eda --read_settings_files=off --write_settings_files=off MIPS_Default -c MIPS_Default



